<?xml version="1.0" encoding="UTF-8"?>
<!-- Generated by org.testng.reporters.JUnitReportReporter -->
<testsuite hostname="pragna-sri-Inspiron-14-5418" failures="0" tests="1" name="tests.LoginTest" time="14.847" errors="0" timestamp="2025-08-19T20:40:14 IST" skipped="0">
  <testcase classname="tests.LoginTest" name="testValidLogin" time="14.847"/>
</testsuite> <!-- tests.LoginTest -->
